<?xml version="1.0" encoding="UTF-8"?>
<!-- Generated by org.testng.reporters.JUnitXMLReporter -->
<testsuite ignored="2" hostname="LAPTOP-9PB051CR" failures="0" tests="1" name="Default test" time="4.255" errors="0" timestamp="2023-02-19T13:53:43 IST">
  <testcase classname="com.ecommerce.qa.testcases.Search" name="verifySearchWithoutAnyProduct" time="0.273"/>
  <testcase classname="com.ecommerce.qa.testcases.Search" name="verifySearchWithValidProduct" time="0.0">
    <ignored/>
  </testcase> <!-- verifySearchWithValidProduct -->
  <testcase classname="com.ecommerce.qa.testcases.Search" name="verifySearchWithInvalidProduct" time="0.0">
    <ignored/>
  </testcase> <!-- verifySearchWithInvalidProduct -->
</testsuite> <!-- Default test -->
