<?xml version="1.0" encoding="UTF-8"?>
<!-- Generated by org.testng.reporters.JUnitXMLReporter -->
<testsuite ignored="4" hostname="LAPTOP-9PB051CR" failures="0" tests="3" name="Default test" time="13.672" errors="0" timestamp="2023-02-16T23:13:32 IST">
  <testcase classname="com.ecommerce.qa.testcases.Login" name="verifyLoginWithValidCredentials" time="0.956"/>
  <testcase classname="com.ecommerce.qa.testcases.Login" name="verifyLoginWithValidCredentials" time="0.815"/>
  <testcase classname="com.ecommerce.qa.testcases.Login" name="verifyLoginWithValidCredentials" time="0.862"/>
  <testcase classname="com.ecommerce.qa.testcases.Login" name="verifyLoginWithInvalidEmailAndValidPassword" time="0.0">
    <ignored/>
  </testcase> <!-- verifyLoginWithInvalidEmailAndValidPassword -->
  <testcase classname="com.ecommerce.qa.testcases.Login" name="verifyLoginWithoutProvidingCredentials" time="0.0">
    <ignored/>
  </testcase> <!-- verifyLoginWithoutProvidingCredentials -->
  <testcase classname="com.ecommerce.qa.testcases.Login" name="verifyLoginWithValidEmailAndInvalidPassword" time="0.0">
    <ignored/>
  </testcase> <!-- verifyLoginWithValidEmailAndInvalidPassword -->
  <testcase classname="com.ecommerce.qa.testcases.Login" name="verifyLoginWithInValidCredentials" time="0.0">
    <ignored/>
  </testcase> <!-- verifyLoginWithInValidCredentials -->
</testsuite> <!-- Default test -->
