<?xml version="1.0" encoding="UTF-8"?>
<!-- Generated by org.testng.reporters.JUnitXMLReporter -->
<testsuite ignored="0" hostname="LAPTOP-9PB051CR" failures="0" tests="14" name="Ecommerce Automation Test Cases" time="51.553" errors="0" timestamp="2023-02-18T12:20:56 IST">
  <testcase classname="com.ecommerce.qa.testcases.Register" name="verifyRegisteringAccountWithMandatoryFields" time="0.993"/>
  <testcase classname="com.ecommerce.qa.testcases.Register" name="verifyRegisteringAccountWithAllFields" time="1.01"/>
  <testcase classname="com.ecommerce.qa.testcases.Register" name="verifyRegisteringAccountWithExistingEmailAddress" time="0.955"/>
  <testcase classname="com.ecommerce.qa.testcases.Register" name="verifyRegisteringAccountWithoutFillingAnyDetails" time="0.464"/>
  <testcase classname="com.ecommerce.qa.testcases.Login" name="verifyLoginWithValidCredentials" time="0.714"/>
  <testcase classname="com.ecommerce.qa.testcases.Login" name="verifyLoginWithValidCredentials" time="0.571"/>
  <testcase classname="com.ecommerce.qa.testcases.Login" name="verifyLoginWithValidCredentials" time="0.616"/>
  <testcase classname="com.ecommerce.qa.testcases.Login" name="verifyLoginWithInValidCredentials" time="0.57"/>
  <testcase classname="com.ecommerce.qa.testcases.Login" name="verifyLoginWithInvalidEmailAndValidPassword" time="0.524"/>
  <testcase classname="com.ecommerce.qa.testcases.Login" name="verifyLoginWithValidEmailAndInvalidPassword" time="0.534"/>
  <testcase classname="com.ecommerce.qa.testcases.Login" name="verifyLoginWithoutProvidingCredentials" time="0.363"/>
  <testcase classname="com.ecommerce.qa.testcases.Search" name="verifySearchWithValidProduct" time="0.383"/>
  <testcase classname="com.ecommerce.qa.testcases.Search" name="verifySearchWithInvalidProduct" time="0.349"/>
  <testcase classname="com.ecommerce.qa.testcases.Search" name="verifySearchWithoutAnyProduct" time="0.261"/>
</testsuite> <!-- Ecommerce Automation Test Cases -->
