<?xml version="1.0" encoding="UTF-8"?>
<!-- Generated by org.testng.reporters.JUnitXMLReporter -->
<testsuite ignored="0" hostname="LAPTOP-9PB051CR" failures="0" tests="14" name="Ecommerce Automation Test Cases" time="53.014" errors="0" timestamp="2023-02-19T13:57:23 IST">
  <testcase classname="com.ecommerce.qa.testcases.Register" name="verifyRegisteringAccountWithMandatoryFields" time="1.23"/>
  <testcase classname="com.ecommerce.qa.testcases.Register" name="verifyRegisteringAccountWithAllFields" time="0.936"/>
  <testcase classname="com.ecommerce.qa.testcases.Register" name="verifyRegisteringAccountWithExistingEmailAddress" time="0.78"/>
  <testcase classname="com.ecommerce.qa.testcases.Register" name="verifyRegisteringAccountWithoutFillingAnyDetails" time="0.407"/>
  <testcase classname="com.ecommerce.qa.testcases.Login" name="verifyLoginWithValidCredentials" time="0.56"/>
  <testcase classname="com.ecommerce.qa.testcases.Login" name="verifyLoginWithValidCredentials" time="0.574"/>
  <testcase classname="com.ecommerce.qa.testcases.Login" name="verifyLoginWithValidCredentials" time="0.657"/>
  <testcase classname="com.ecommerce.qa.testcases.Login" name="verifyLoginWithInValidCredentials" time="0.586"/>
  <testcase classname="com.ecommerce.qa.testcases.Login" name="verifyLoginWithInvalidEmailAndValidPassword" time="0.58"/>
  <testcase classname="com.ecommerce.qa.testcases.Login" name="verifyLoginWithValidEmailAndInvalidPassword" time="0.52"/>
  <testcase classname="com.ecommerce.qa.testcases.Login" name="verifyLoginWithoutProvidingCredentials" time="0.414"/>
  <testcase classname="com.ecommerce.qa.testcases.Search" name="verifySearchWithValidProduct" time="0.426"/>
  <testcase classname="com.ecommerce.qa.testcases.Search" name="verifySearchWithInvalidProduct" time="0.367"/>
  <testcase classname="com.ecommerce.qa.testcases.Search" name="verifySearchWithoutAnyProduct" time="0.284"/>
</testsuite> <!-- Ecommerce Automation Test Cases -->
