<?xml version="1.0" encoding="UTF-8"?>
<testng-results ignored="0" total="14" passed="14" failed="0" skipped="0">
  <reporter-output>
  </reporter-output>
  <suite started-at="2023-02-19T13:56:29 IST" name="Ecommerce Automation Suite" finished-at="2023-02-19T13:57:22 IST" duration-ms="53014">
    <groups>
    </groups>
    <test started-at="2023-02-19T13:56:29 IST" name="Ecommerce Automation Test Cases" finished-at="2023-02-19T13:57:22 IST" duration-ms="53014">
      <class name="com.ecommerce.qa.testcases.Search">
        <test-method is-config="true" signature="setup()[pri:0, instance:com.ecommerce.qa.testcases.Search@7674f035]" started-at="2023-02-19T13:57:12 IST" name="setup" finished-at="2023-02-19T13:57:15 IST" duration-ms="2665" status="PASS">
          <reporter-output>
          </reporter-output>
        </test-method> <!-- setup -->
        <test-method signature="verifySearchWithValidProduct()[pri:1, instance:com.ecommerce.qa.testcases.Search@7674f035]" started-at="2023-02-19T13:57:15 IST" name="verifySearchWithValidProduct" finished-at="2023-02-19T13:57:15 IST" duration-ms="426" status="PASS">
          <reporter-output>
          </reporter-output>
        </test-method> <!-- verifySearchWithValidProduct -->
        <test-method is-config="true" signature="tearDown()[pri:0, instance:com.ecommerce.qa.testcases.Search@7674f035]" started-at="2023-02-19T13:57:15 IST" name="tearDown" finished-at="2023-02-19T13:57:16 IST" duration-ms="198" status="PASS">
          <reporter-output>
          </reporter-output>
        </test-method> <!-- tearDown -->
        <test-method is-config="true" signature="setup()[pri:0, instance:com.ecommerce.qa.testcases.Search@7674f035]" started-at="2023-02-19T13:57:16 IST" name="setup" finished-at="2023-02-19T13:57:18 IST" duration-ms="2640" status="PASS">
          <reporter-output>
          </reporter-output>
        </test-method> <!-- setup -->
        <test-method signature="verifySearchWithInvalidProduct()[pri:2, instance:com.ecommerce.qa.testcases.Search@7674f035]" started-at="2023-02-19T13:57:18 IST" name="verifySearchWithInvalidProduct" finished-at="2023-02-19T13:57:19 IST" duration-ms="367" status="PASS">
          <reporter-output>
          </reporter-output>
        </test-method> <!-- verifySearchWithInvalidProduct -->
        <test-method is-config="true" signature="tearDown()[pri:0, instance:com.ecommerce.qa.testcases.Search@7674f035]" started-at="2023-02-19T13:57:19 IST" name="tearDown" finished-at="2023-02-19T13:57:19 IST" duration-ms="242" status="PASS">
          <reporter-output>
          </reporter-output>
        </test-method> <!-- tearDown -->
        <test-method is-config="true" signature="setup()[pri:0, instance:com.ecommerce.qa.testcases.Search@7674f035]" started-at="2023-02-19T13:57:19 IST" name="setup" finished-at="2023-02-19T13:57:22 IST" duration-ms="2850" status="PASS">
          <reporter-output>
          </reporter-output>
        </test-method> <!-- setup -->
        <test-method signature="verifySearchWithoutAnyProduct()[pri:3, instance:com.ecommerce.qa.testcases.Search@7674f035]" started-at="2023-02-19T13:57:22 IST" name="verifySearchWithoutAnyProduct" finished-at="2023-02-19T13:57:22 IST" duration-ms="284" status="PASS">
          <reporter-output>
          </reporter-output>
        </test-method> <!-- verifySearchWithoutAnyProduct -->
        <test-method is-config="true" signature="tearDown()[pri:0, instance:com.ecommerce.qa.testcases.Search@7674f035]" started-at="2023-02-19T13:57:22 IST" name="tearDown" finished-at="2023-02-19T13:57:22 IST" duration-ms="202" status="PASS">
          <reporter-output>
          </reporter-output>
        </test-method> <!-- tearDown -->
      </class> <!-- com.ecommerce.qa.testcases.Search -->
      <class name="com.ecommerce.qa.testcases.Register">
        <test-method is-config="true" signature="setup()[pri:0, instance:com.ecommerce.qa.testcases.Register@18df8434]" started-at="2023-02-19T13:56:30 IST" name="setup" finished-at="2023-02-19T13:56:34 IST" duration-ms="4272" status="PASS">
          <reporter-output>
          </reporter-output>
        </test-method> <!-- setup -->
        <test-method signature="verifyRegisteringAccountWithMandatoryFields()[pri:1, instance:com.ecommerce.qa.testcases.Register@18df8434]" started-at="2023-02-19T13:56:34 IST" name="verifyRegisteringAccountWithMandatoryFields" finished-at="2023-02-19T13:56:35 IST" duration-ms="1230" status="PASS">
          <reporter-output>
          </reporter-output>
        </test-method> <!-- verifyRegisteringAccountWithMandatoryFields -->
        <test-method is-config="true" signature="tearDown()[pri:0, instance:com.ecommerce.qa.testcases.Register@18df8434]" started-at="2023-02-19T13:56:35 IST" name="tearDown" finished-at="2023-02-19T13:56:35 IST" duration-ms="222" status="PASS">
          <reporter-output>
          </reporter-output>
        </test-method> <!-- tearDown -->
        <test-method is-config="true" signature="setup()[pri:0, instance:com.ecommerce.qa.testcases.Register@18df8434]" started-at="2023-02-19T13:56:35 IST" name="setup" finished-at="2023-02-19T13:56:38 IST" duration-ms="2973" status="PASS">
          <reporter-output>
          </reporter-output>
        </test-method> <!-- setup -->
        <test-method signature="verifyRegisteringAccountWithAllFields()[pri:2, instance:com.ecommerce.qa.testcases.Register@18df8434]" started-at="2023-02-19T13:56:38 IST" name="verifyRegisteringAccountWithAllFields" finished-at="2023-02-19T13:56:39 IST" duration-ms="936" status="PASS">
          <reporter-output>
          </reporter-output>
        </test-method> <!-- verifyRegisteringAccountWithAllFields -->
        <test-method is-config="true" signature="tearDown()[pri:0, instance:com.ecommerce.qa.testcases.Register@18df8434]" started-at="2023-02-19T13:56:39 IST" name="tearDown" finished-at="2023-02-19T13:56:39 IST" duration-ms="176" status="PASS">
          <reporter-output>
          </reporter-output>
        </test-method> <!-- tearDown -->
        <test-method is-config="true" signature="setup()[pri:0, instance:com.ecommerce.qa.testcases.Register@18df8434]" started-at="2023-02-19T13:56:39 IST" name="setup" finished-at="2023-02-19T13:56:42 IST" duration-ms="2833" status="PASS">
          <reporter-output>
          </reporter-output>
        </test-method> <!-- setup -->
        <test-method signature="verifyRegisteringAccountWithExistingEmailAddress()[pri:3, instance:com.ecommerce.qa.testcases.Register@18df8434]" started-at="2023-02-19T13:56:42 IST" name="verifyRegisteringAccountWithExistingEmailAddress" finished-at="2023-02-19T13:56:43 IST" duration-ms="780" status="PASS">
          <reporter-output>
          </reporter-output>
        </test-method> <!-- verifyRegisteringAccountWithExistingEmailAddress -->
        <test-method is-config="true" signature="tearDown()[pri:0, instance:com.ecommerce.qa.testcases.Register@18df8434]" started-at="2023-02-19T13:56:43 IST" name="tearDown" finished-at="2023-02-19T13:56:43 IST" duration-ms="184" status="PASS">
          <reporter-output>
          </reporter-output>
        </test-method> <!-- tearDown -->
        <test-method is-config="true" signature="setup()[pri:0, instance:com.ecommerce.qa.testcases.Register@18df8434]" started-at="2023-02-19T13:56:43 IST" name="setup" finished-at="2023-02-19T13:56:46 IST" duration-ms="2976" status="PASS">
          <reporter-output>
          </reporter-output>
        </test-method> <!-- setup -->
        <test-method signature="verifyRegisteringAccountWithoutFillingAnyDetails()[pri:4, instance:com.ecommerce.qa.testcases.Register@18df8434]" started-at="2023-02-19T13:56:46 IST" name="verifyRegisteringAccountWithoutFillingAnyDetails" finished-at="2023-02-19T13:56:47 IST" duration-ms="407" status="PASS">
          <reporter-output>
          </reporter-output>
        </test-method> <!-- verifyRegisteringAccountWithoutFillingAnyDetails -->
        <test-method is-config="true" signature="tearDown()[pri:0, instance:com.ecommerce.qa.testcases.Register@18df8434]" started-at="2023-02-19T13:56:47 IST" name="tearDown" finished-at="2023-02-19T13:56:47 IST" duration-ms="208" status="PASS">
          <reporter-output>
          </reporter-output>
        </test-method> <!-- tearDown -->
      </class> <!-- com.ecommerce.qa.testcases.Register -->
      <class name="com.ecommerce.qa.testcases.Login">
        <test-method is-config="true" signature="setup()[pri:0, instance:com.ecommerce.qa.testcases.Login@2cf3d63b]" started-at="2023-02-19T13:56:47 IST" name="setup" finished-at="2023-02-19T13:56:50 IST" duration-ms="2599" status="PASS">
          <reporter-output>
          </reporter-output>
        </test-method> <!-- setup -->
        <test-method signature="verifyLoginWithValidCredentials(java.lang.String,java.lang.String)[pri:1, instance:com.ecommerce.qa.testcases.Login@2cf3d63b]" started-at="2023-02-19T13:56:50 IST" name="verifyLoginWithValidCredentials" data-provider="supplyTestData" finished-at="2023-02-19T13:56:50 IST" duration-ms="560" status="PASS">
          <params>
            <param index="0">
              <value>
                <![CDATA[tony@gmail.com]]>
              </value>
            </param>
            <param index="1">
              <value>
                <![CDATA[tonystark]]>
              </value>
            </param>
          </params>
          <reporter-output>
          </reporter-output>
        </test-method> <!-- verifyLoginWithValidCredentials -->
        <test-method is-config="true" signature="tearDown()[pri:0, instance:com.ecommerce.qa.testcases.Login@2cf3d63b]" started-at="2023-02-19T13:56:50 IST" name="tearDown" finished-at="2023-02-19T13:56:51 IST" duration-ms="186" status="PASS">
          <reporter-output>
          </reporter-output>
        </test-method> <!-- tearDown -->
        <test-method is-config="true" signature="setup()[pri:0, instance:com.ecommerce.qa.testcases.Login@2cf3d63b]" started-at="2023-02-19T13:56:51 IST" name="setup" finished-at="2023-02-19T13:56:53 IST" duration-ms="2520" status="PASS">
          <reporter-output>
          </reporter-output>
        </test-method> <!-- setup -->
        <test-method signature="verifyLoginWithValidCredentials(java.lang.String,java.lang.String)[pri:1, instance:com.ecommerce.qa.testcases.Login@2cf3d63b]" started-at="2023-02-19T13:56:53 IST" name="verifyLoginWithValidCredentials" data-provider="supplyTestData" finished-at="2023-02-19T13:56:54 IST" duration-ms="574" status="PASS">
          <params>
            <param index="0">
              <value>
                <![CDATA[batman@gmail.com]]>
              </value>
            </param>
            <param index="1">
              <value>
                <![CDATA[batman]]>
              </value>
            </param>
          </params>
          <reporter-output>
          </reporter-output>
        </test-method> <!-- verifyLoginWithValidCredentials -->
        <test-method is-config="true" signature="tearDown()[pri:0, instance:com.ecommerce.qa.testcases.Login@2cf3d63b]" started-at="2023-02-19T13:56:54 IST" name="tearDown" finished-at="2023-02-19T13:56:54 IST" duration-ms="206" status="PASS">
          <reporter-output>
          </reporter-output>
        </test-method> <!-- tearDown -->
        <test-method is-config="true" signature="setup()[pri:0, instance:com.ecommerce.qa.testcases.Login@2cf3d63b]" started-at="2023-02-19T13:56:54 IST" name="setup" finished-at="2023-02-19T13:56:57 IST" duration-ms="2649" status="PASS">
          <reporter-output>
          </reporter-output>
        </test-method> <!-- setup -->
        <test-method signature="verifyLoginWithValidCredentials(java.lang.String,java.lang.String)[pri:1, instance:com.ecommerce.qa.testcases.Login@2cf3d63b]" started-at="2023-02-19T13:56:57 IST" name="verifyLoginWithValidCredentials" data-provider="supplyTestData" finished-at="2023-02-19T13:56:57 IST" duration-ms="657" status="PASS">
          <params>
            <param index="0">
              <value>
                <![CDATA[superman@gmail.com]]>
              </value>
            </param>
            <param index="1">
              <value>
                <![CDATA[superman]]>
              </value>
            </param>
          </params>
          <reporter-output>
          </reporter-output>
        </test-method> <!-- verifyLoginWithValidCredentials -->
        <test-method is-config="true" signature="tearDown()[pri:0, instance:com.ecommerce.qa.testcases.Login@2cf3d63b]" started-at="2023-02-19T13:56:57 IST" name="tearDown" finished-at="2023-02-19T13:56:57 IST" duration-ms="193" status="PASS">
          <reporter-output>
          </reporter-output>
        </test-method> <!-- tearDown -->
        <test-method is-config="true" signature="setup()[pri:0, instance:com.ecommerce.qa.testcases.Login@2cf3d63b]" started-at="2023-02-19T13:56:57 IST" name="setup" finished-at="2023-02-19T13:57:01 IST" duration-ms="3136" status="PASS">
          <reporter-output>
          </reporter-output>
        </test-method> <!-- setup -->
        <test-method signature="verifyLoginWithInValidCredentials()[pri:2, instance:com.ecommerce.qa.testcases.Login@2cf3d63b]" started-at="2023-02-19T13:57:01 IST" name="verifyLoginWithInValidCredentials" finished-at="2023-02-19T13:57:01 IST" duration-ms="586" status="PASS">
          <reporter-output>
          </reporter-output>
        </test-method> <!-- verifyLoginWithInValidCredentials -->
        <test-method is-config="true" signature="tearDown()[pri:0, instance:com.ecommerce.qa.testcases.Login@2cf3d63b]" started-at="2023-02-19T13:57:01 IST" name="tearDown" finished-at="2023-02-19T13:57:01 IST" duration-ms="189" status="PASS">
          <reporter-output>
          </reporter-output>
        </test-method> <!-- tearDown -->
        <test-method is-config="true" signature="setup()[pri:0, instance:com.ecommerce.qa.testcases.Login@2cf3d63b]" started-at="2023-02-19T13:57:01 IST" name="setup" finished-at="2023-02-19T13:57:04 IST" duration-ms="2905" status="PASS">
          <reporter-output>
          </reporter-output>
        </test-method> <!-- setup -->
        <test-method signature="verifyLoginWithInvalidEmailAndValidPassword()[pri:3, instance:com.ecommerce.qa.testcases.Login@2cf3d63b]" started-at="2023-02-19T13:57:04 IST" name="verifyLoginWithInvalidEmailAndValidPassword" finished-at="2023-02-19T13:57:05 IST" duration-ms="580" status="PASS">
          <reporter-output>
          </reporter-output>
        </test-method> <!-- verifyLoginWithInvalidEmailAndValidPassword -->
        <test-method is-config="true" signature="tearDown()[pri:0, instance:com.ecommerce.qa.testcases.Login@2cf3d63b]" started-at="2023-02-19T13:57:05 IST" name="tearDown" finished-at="2023-02-19T13:57:05 IST" duration-ms="250" status="PASS">
          <reporter-output>
          </reporter-output>
        </test-method> <!-- tearDown -->
        <test-method is-config="true" signature="setup()[pri:0, instance:com.ecommerce.qa.testcases.Login@2cf3d63b]" started-at="2023-02-19T13:57:05 IST" name="setup" finished-at="2023-02-19T13:57:08 IST" duration-ms="2931" status="PASS">
          <reporter-output>
          </reporter-output>
        </test-method> <!-- setup -->
        <test-method signature="verifyLoginWithValidEmailAndInvalidPassword()[pri:4, instance:com.ecommerce.qa.testcases.Login@2cf3d63b]" started-at="2023-02-19T13:57:08 IST" name="verifyLoginWithValidEmailAndInvalidPassword" finished-at="2023-02-19T13:57:09 IST" duration-ms="520" status="PASS">
          <reporter-output>
          </reporter-output>
        </test-method> <!-- verifyLoginWithValidEmailAndInvalidPassword -->
        <test-method is-config="true" signature="tearDown()[pri:0, instance:com.ecommerce.qa.testcases.Login@2cf3d63b]" started-at="2023-02-19T13:57:09 IST" name="tearDown" finished-at="2023-02-19T13:57:09 IST" duration-ms="204" status="PASS">
          <reporter-output>
          </reporter-output>
        </test-method> <!-- tearDown -->
        <test-method is-config="true" signature="setup()[pri:0, instance:com.ecommerce.qa.testcases.Login@2cf3d63b]" started-at="2023-02-19T13:57:09 IST" name="setup" finished-at="2023-02-19T13:57:12 IST" duration-ms="2901" status="PASS">
          <reporter-output>
          </reporter-output>
        </test-method> <!-- setup -->
        <test-method signature="verifyLoginWithoutProvidingCredentials()[pri:5, instance:com.ecommerce.qa.testcases.Login@2cf3d63b]" started-at="2023-02-19T13:57:12 IST" name="verifyLoginWithoutProvidingCredentials" finished-at="2023-02-19T13:57:12 IST" duration-ms="414" status="PASS">
          <reporter-output>
          </reporter-output>
        </test-method> <!-- verifyLoginWithoutProvidingCredentials -->
        <test-method is-config="true" signature="tearDown()[pri:0, instance:com.ecommerce.qa.testcases.Login@2cf3d63b]" started-at="2023-02-19T13:57:12 IST" name="tearDown" finished-at="2023-02-19T13:57:12 IST" duration-ms="244" status="PASS">
          <reporter-output>
          </reporter-output>
        </test-method> <!-- tearDown -->
      </class> <!-- com.ecommerce.qa.testcases.Login -->
    </test> <!-- Ecommerce Automation Test Cases -->
  </suite> <!-- Ecommerce Automation Suite -->
</testng-results>
